===================================================================================
SLURM Job ID:            11813355
Submit time:             Wed Mar 05 00:00:15 GMT 2025 (Unix Epoch time: 1741132815)
Start time:              Wed Mar 05 00:01:48 GMT 2025 (Unix Epoch time: 1741132908)
No. nodes:               1
No. tasks:               4
Job name:                PH510Assignment3
Account:                 teaching
QoS:                     teaching
Partition (queue):       teaching-gpu
Submit directory:        /users/xgb19123/PH510/PH510/Project3
Script name:             /users/xgb19123/PH510/PH510/Project3/mc.sh
Master node:             weegpu4
Nodes used:              weegpu4
Task distribution:       block:block
===================================================================================

Traceback (most recent call last):
  File "./dart.py", line 79, in <module>
    test = Monte_Dart(2, num_points, circle_dart)
  File "./dart.py", line 31, in __init__
    self.data = self.contain()    # the class method
  File "./dart.py", line 47, in contain
    sum_f = sum_f + (self.f(p)) 
TypeError: circle_dart() missing 1 required positional argument: 'R'
Traceback (most recent call last):
  File "./dart.py", line 79, in <module>
    test = Monte_Dart(2, num_points, circle_dart)
  File "./dart.py", line 31, in __init__
    self.data = self.contain()    # the class method
  File "./dart.py", line 47, in contain
    sum_f = sum_f + (self.f(p)) 
TypeError: circle_dart() missing 1 required positional argument: 'R'
Traceback (most recent call last):
  File "./dart.py", line 79, in <module>
    test = Monte_Dart(2, num_points, circle_dart)
  File "./dart.py", line 31, in __init__
    self.data = self.contain()    # the class method
  File "./dart.py", line 47, in contain
    sum_f = sum_f + (self.f(p)) 
TypeError: circle_dart() missing 1 required positional argument: 'R'
Traceback (most recent call last):
  File "./dart.py", line 79, in <module>
    test = Monte_Dart(2, num_points, circle_dart)
  File "./dart.py", line 31, in __init__
    self.data = self.contain()    # the class method
  File "./dart.py", line 47, in contain
    sum_f = sum_f + (self.f(p)) 
TypeError: circle_dart() missing 1 required positional argument: 'R'
--------------------------------------------------------------------------
Primary job  terminated normally, but 1 process returned
a non-zero exit code. Per user-direction, the job has been aborted.
--------------------------------------------------------------------------
--------------------------------------------------------------------------
mpirun detected that one or more processes exited with non-zero status, thus causing
the job to be terminated. The first process to do so was:

  Process name: [[46561,1],0]
  Exit code:    1
--------------------------------------------------------------------------
===================================================================================
SLURM job 11813355 ended:     Wed Mar 05 00:00:41 GMT 2025 (Unix Epoch time: 1741132841)
This is an estimated end time using the 'date' command from node weegpu4.hpc.strath.ac.uk
For accurate timings, use 'sacct -j 11813355 -X --format=Submit,Start,End,Elapsed'
======================================================================================
